[2019-07-03 02:46:31] local.ERROR: Maximum execution time of 30 seconds exceeded {"exception":"[object] (Symfony\\Component\\Debug\\Exception\\FatalErrorException(code: 1): Maximum execution time of 30 seconds exceeded at C:\\xampp\\xampp\\htdocs\\animal_hospital\\vendor\\laravel\\framework\\src\\Illuminate\\View\\Compilers\\Concerns\\CompilesErrors.php:3)
[stacktrace]
#0 C:\\xampp\\xampp\\htdocs\\animal_hospital\\vendor\\laravel\\framework\\src\\Illuminate\\Foundation\\Bootstrap\\HandleExceptions.php(137): Symfony\\Component\\Debug\\Exception\\FatalErrorException->__construct()
#1 C:\\xampp\\xampp\\htdocs\\animal_hospital\\vendor\\laravel\\framework\\src\\Illuminate\\Foundation\\Bootstrap\\HandleExceptions.php(123): Illuminate\\Foundation\\Bootstrap\\HandleExceptions->fatalExceptionFromError()
#2 C:\\xampp\\xampp\\htdocs\\animal_hospital\\vendor\\laravel\\framework\\src\\Illuminate\\Foundation\\Bootstrap\\HandleExceptions.php(0): Illuminate\\Foundation\\Bootstrap\\HandleExceptions->handleShutdown()
#3 C:\\xampp\\xampp\\htdocs\\animal_hospital\\vendor\\composer\\ClassLoader.php(444): ()
#4 C:\\xampp\\xampp\\htdocs\\animal_hospital\\vendor\\composer\\ClassLoader.php(322): Composer\\Autoload\\includeFile()
#5 C:\\xampp\\xampp\\htdocs\\animal_hospital\\vendor\\laravel\\framework\\src\\Illuminate\\View\\Compilers\\BladeCompiler.php(11): Composer\\Autoload\\ClassLoader->loadClass()
#6 C:\\xampp\\xampp\\htdocs\\animal_hospital\\vendor\\laravel\\framework\\src\\Illuminate\\View\\Compilers\\BladeCompiler.php(11): spl_autoload_call()
#7 C:\\xampp\\xampp\\htdocs\\animal_hospital\\vendor\\composer\\ClassLoader.php(444): ()
#8 C:\\xampp\\xampp\\htdocs\\animal_hospital\\vendor\\composer\\ClassLoader.php(322): Composer\\Autoload\\includeFile()
#9 C:\\xampp\\xampp\\htdocs\\animal_hospital\\vendor\\laravel\\framework\\src\\Illuminate\\View\\ViewServiceProvider.php(140): Composer\\Autoload\\ClassLoader->loadClass()
#10 C:\\xampp\\xampp\\htdocs\\animal_hospital\\vendor\\laravel\\framework\\src\\Illuminate\\View\\ViewServiceProvider.php(140): spl_autoload_call()
#11 C:\\xampp\\xampp\\htdocs\\animal_hospital\\vendor\\laravel\\framework\\src\\Illuminate\\Container\\Container.php(787): Illuminate\\View\\ViewServiceProvider->Illuminate\\View\\{closure:C:\\xampp\\xampp\\htdocs\\animal_hospital\\vendor\\laravel\\framework\\src\\Illuminate\\View\\ViewServiceProvider.php:139-143}()
#12 C:\\xampp\\xampp\\htdocs\\animal_hospital\\vendor\\laravel\\framework\\src\\Illuminate\\Container\\Container.php(667): Illuminate\\Foundation\\Application->build()
#13 C:\\xampp\\xampp\\htdocs\\animal_hospital\\vendor\\laravel\\framework\\src\\Illuminate\\Container\\Container.php(615): Illuminate\\Foundation\\Application->resolve()
#14 C:\\xampp\\xampp\\htdocs\\animal_hospital\\vendor\\laravel\\framework\\src\\Illuminate\\Foundation\\Application.php(767): Illuminate\\Foundation\\Application->make()
#15 C:\\xampp\\xampp\\htdocs\\animal_hospital\\vendor\\laravel\\framework\\src\\Illuminate\\Container\\Container.php(1225): Illuminate\\Foundation\\Application->make()
#16 C:\\xampp\\xampp\\htdocs\\animal_hospital\\vendor\\laravel\\framework\\src\\Illuminate\\View\\ViewServiceProvider.php(146): Illuminate\\Foundation\\Application->offsetGet()
#17 C:\\xampp\\xampp\\htdocs\\animal_hospital\\vendor\\laravel\\framework\\src\\Illuminate\\View\\Engines\\EngineResolver.php(55): Illuminate\\View\\ViewServiceProvider->Illuminate\\View\\{closure:C:\\xampp\\xampp\\htdocs\\animal_hospital\\vendor\\laravel\\framework\\src\\Illuminate\\View\\ViewServiceProvider.php:145-147}()
#18 C:\\xampp\\xampp\\htdocs\\animal_hospital\\vendor\\laravel\\framework\\src\\Illuminate\\View\\Engines\\EngineResolver.php(55): call_user_func:{C:\\xampp\\xampp\\htdocs\\animal_hospital\\vendor\\laravel\\framework\\src\\Illuminate\\View\\Engines\\EngineResolver.php:55}()
#19 C:\\xampp\\xampp\\htdocs\\animal_hospital\\vendor\\laravel\\framework\\src\\Illuminate\\View\\Factory.php(289): Illuminate\\View\\Engines\\EngineResolver->resolve()
#20 C:\\xampp\\xampp\\htdocs\\animal_hospital\\vendor\\laravel\\framework\\src\\Illuminate\\View\\Factory.php(253): Illuminate\\View\\Factory->getEngineFromPath()
#21 C:\\xampp\\xampp\\htdocs\\animal_hospital\\vendor\\laravel\\framework\\src\\Illuminate\\View\\Factory.php(139): Illuminate\\View\\Factory->viewInstance()
#22 C:\\xampp\\xampp\\htdocs\\animal_hospital\\vendor\\laravel\\framework\\src\\Illuminate\\Routing\\ResponseFactory.php(81): Illuminate\\View\\Factory->make()
#23 C:\\xampp\\xampp\\htdocs\\animal_hospital\\vendor\\laravel\\framework\\src\\Illuminate\\Foundation\\Exceptions\\Handler.php(380): Illuminate\\Routing\\ResponseFactory->view()
#24 C:\\xampp\\xampp\\htdocs\\animal_hospital\\vendor\\laravel\\framework\\src\\Illuminate\\Foundation\\Exceptions\\Handler.php(289): App\\Exceptions\\Handler->renderHttpException()
#25 C:\\xampp\\xampp\\htdocs\\animal_hospital\\vendor\\laravel\\framework\\src\\Illuminate\\Foundation\\Exceptions\\Handler.php(188): App\\Exceptions\\Handler->prepareResponse()
#26 C:\\xampp\\xampp\\htdocs\\animal_hospital\\app\\Exceptions\\Handler.php(49): App\\Exceptions\\Handler->render()
#27 C:\\xampp\\xampp\\htdocs\\animal_hospital\\vendor\\laravel\\framework\\src\\Illuminate\\Routing\\Pipeline.php(83): App\\Exceptions\\Handler->render()
#28 C:\\xampp\\xampp\\htdocs\\animal_hospital\\vendor\\laravel\\framework\\src\\Illuminate\\Routing\\Pipeline.php(55): Illuminate\\Routing\\Pipeline->handleException()
#29 C:\\xampp\\xampp\\htdocs\\animal_hospital\\vendor\\laravel\\framework\\src\\Illuminate\\View\\Middleware\\ShareErrorsFromSession.php(49): Illuminate\\Routing\\Pipeline->Illuminate\\Routing\\{closure:C:\\xampp\\xampp\\htdocs\\animal_hospital\\vendor\\laravel\\framework\\src\\Illuminate\\Routing\\Pipeline.php:47-59}()
#30 C:\\xampp\\xampp\\htdocs\\animal_hospital\\vendor\\laravel\\framework\\src\\Illuminate\\Pipeline\\Pipeline.php(163): Illuminate\\View\\Middleware\\ShareErrorsFromSession->handle()
#31 C:\\xampp\\xampp\\htdocs\\animal_hospital\\vendor\\laravel\\framework\\src\\Illuminate\\Routing\\Pipeline.php(53): Illuminate\\Routing\\Pipeline->Illuminate\\Pipeline\\{closure:C:\\xampp\\xampp\\htdocs\\animal_hospital\\vendor\\laravel\\framework\\src\\Illuminate\\Pipeline\\Pipeline.php:140-169}()
#32 C:\\xampp\\xampp\\htdocs\\animal_hospital\\vendor\\laravel\\framework\\src\\Illuminate\\Session\\Middleware\\StartSession.php(56): Illuminate\\Routing\\Pipeline->Illuminate\\Routing\\{closure:C:\\xampp\\xampp\\htdocs\\animal_hospital\\vendor\\laravel\\framework\\src\\Illuminate\\Routing\\Pipeline.php:47-59}()
#33 C:\\xampp\\xampp\\htdocs\\animal_hospital\\vendor\\laravel\\framework\\src\\Illuminate\\Pipeline\\Pipeline.php(163): Illuminate\\Session\\Middleware\\StartSession->handle()
#34 C:\\xampp\\xampp\\htdocs\\animal_hospital\\vendor\\laravel\\framework\\src\\Illuminate\\Routing\\Pipeline.php(53): Illuminate\\Routing\\Pipeline->Illuminate\\Pipeline\\{closure:C:\\xampp\\xampp\\htdocs\\animal_hospital\\vendor\\laravel\\framework\\src\\Illuminate\\Pipeline\\Pipeline.php:140-169}()
#35 C:\\xampp\\xampp\\htdocs\\animal_hospital\\vendor\\laravel\\framework\\src\\Illuminate\\Cookie\\Middleware\\AddQueuedCookiesToResponse.php(37): Illuminate\\Routing\\Pipeline->Illuminate\\Routing\\{closure:C:\\xampp\\xampp\\htdocs\\animal_hospital\\vendor\\laravel\\framework\\src\\Illuminate\\Routing\\Pipeline.php:47-59}()
#36 C:\\xampp\\xampp\\htdocs\\animal_hospital\\vendor\\laravel\\framework\\src\\Illuminate\\Pipeline\\Pipeline.php(163): Illuminate\\Cookie\\Middleware\\AddQueuedCookiesToResponse->handle()
#37 C:\\xampp\\xampp\\htdocs\\animal_hospital\\vendor\\laravel\\framework\\src\\Illuminate\\Routing\\Pipeline.php(53): Illuminate\\Routing\\Pipeline->Illuminate\\Pipeline\\{closure:C:\\xampp\\xampp\\htdocs\\animal_hospital\\vendor\\laravel\\framework\\src\\Illuminate\\Pipeline\\Pipeline.php:140-169}()
#38 C:\\xampp\\xampp\\htdocs\\animal_hospital\\vendor\\laravel\\framework\\src\\Illuminate\\Cookie\\Middleware\\EncryptCookies.php(66): Illuminate\\Routing\\Pipeline->Illuminate\\Routing\\{closure:C:\\xampp\\xampp\\htdocs\\animal_hospital\\vendor\\laravel\\framework\\src\\Illuminate\\Routing\\Pipeline.php:47-59}()
#39 C:\\xampp\\xampp\\htdocs\\animal_hospital\\vendor\\laravel\\framework\\src\\Illuminate\\Pipeline\\Pipeline.php(163): App\\Http\\Middleware\\EncryptCookies->handle()
#40 C:\\xampp\\xampp\\htdocs\\animal_hospital\\vendor\\laravel\\framework\\src\\Illuminate\\Routing\\Pipeline.php(53): Illuminate\\Routing\\Pipeline->Illuminate\\Pipeline\\{closure:C:\\xampp\\xampp\\htdocs\\animal_hospital\\vendor\\laravel\\framework\\src\\Illuminate\\Pipeline\\Pipeline.php:140-169}()
#41 C:\\xampp\\xampp\\htdocs\\animal_hospital\\vendor\\laravel\\framework\\src\\Illuminate\\Pipeline\\Pipeline.php(104): Illuminate\\Routing\\Pipeline->Illuminate\\Routing\\{closure:C:\\xampp\\xampp\\htdocs\\animal_hospital\\vendor\\laravel\\framework\\src\\Illuminate\\Routing\\Pipeline.php:47-59}()
#42 C:\\xampp\\xampp\\htdocs\\animal_hospital\\vendor\\laravel\\framework\\src\\Illuminate\\Routing\\Router.php(682): Illuminate\\Routing\\Pipeline->then()
#43 C:\\xampp\\xampp\\htdocs\\animal_hospital\\vendor\\laravel\\framework\\src\\Illuminate\\Routing\\Router.php(657): Illuminate\\Routing\\Router->runRouteWithinStack()
#44 C:\\xampp\\xampp\\htdocs\\animal_hospital\\vendor\\laravel\\framework\\src\\Illuminate\\Routing\\Router.php(623): Illuminate\\Routing\\Router->runRoute()
#45 C:\\xampp\\xampp\\htdocs\\animal_hospital\\vendor\\laravel\\framework\\src\\Illuminate\\Routing\\Router.php(612): Illuminate\\Routing\\Router->dispatchToRoute()
#46 C:\\xampp\\xampp\\htdocs\\animal_hospital\\vendor\\laravel\\framework\\src\\Illuminate\\Foundation\\Http\\Kernel.php(176): Illuminate\\Routing\\Router->dispatch()
#47 C:\\xampp\\xampp\\htdocs\\animal_hospital\\vendor\\laravel\\framework\\src\\Illuminate\\Routing\\Pipeline.php(30): App\\Http\\Kernel->Illuminate\\Foundation\\Http\\{closure:C:\\xampp\\xampp\\htdocs\\animal_hospital\\vendor\\laravel\\framework\\src\\Illuminate\\Foundation\\Http\\Kernel.php:173-177}()
#48 C:\\xampp\\xampp\\htdocs\\animal_hospital\\vendor\\fideloper\\proxy\\src\\TrustProxies.php(57): Illuminate\\Routing\\Pipeline->Illuminate\\Routing\\{closure:C:\\xampp\\xampp\\htdocs\\animal_hospital\\vendor\\laravel\\framework\\src\\Illuminate\\Routing\\Pipeline.php:28-36}()
#49 C:\\xampp\\xampp\\htdocs\\animal_hospital\\vendor\\laravel\\framework\\src\\Illuminate\\Pipeline\\Pipeline.php(163): App\\Http\\Middleware\\TrustProxies->handle()
#50 C:\\xampp\\xampp\\htdocs\\animal_hospital\\vendor\\laravel\\framework\\src\\Illuminate\\Routing\\Pipeline.php(53): Illuminate\\Routing\\Pipeline->Illuminate\\Pipeline\\{closure:C:\\xampp\\xampp\\htdocs\\animal_hospital\\vendor\\laravel\\framework\\src\\Illuminate\\Pipeline\\Pipeline.php:140-169}()
#51 C:\\xampp\\xampp\\htdocs\\animal_hospital\\vendor\\laravel\\framework\\src\\Illuminate\\Foundation\\Http\\Middleware\\TransformsRequest.php(21): Illuminate\\Routing\\Pipeline->Illuminate\\Routing\\{closure:C:\\xampp\\xampp\\htdocs\\animal_hospital\\vendor\\laravel\\framework\\src\\Illuminate\\Routing\\Pipeline.php:47-59}()
#52 C:\\xampp\\xampp\\htdocs\\animal_hospital\\vendor\\laravel\\framework\\src\\Illuminate\\Pipeline\\Pipeline.php(163): Illuminate\\Foundation\\Http\\Middleware\\ConvertEmptyStringsToNull->handle()
#53 C:\\xampp\\xampp\\htdocs\\animal_hospital\\vendor\\laravel\\framework\\src\\Illuminate\\Routing\\Pipeline.php(53): Illuminate\\Routing\\Pipeline->Illuminate\\Pipeline\\{closure:C:\\xampp\\xampp\\htdocs\\animal_hospital\\vendor\\laravel\\framework\\src\\Illuminate\\Pipeline\\Pipeline.php:140-169}()
#54 C:\\xampp\\xampp\\htdocs\\animal_hospital\\vendor\\laravel\\framework\\src\\Illuminate\\Foundation\\Http\\Middleware\\TransformsRequest.php(21): Illuminate\\Routing\\Pipeline->Illuminate\\Routing\\{closure:C:\\xampp\\xampp\\htdocs\\animal_hospital\\vendor\\laravel\\framework\\src\\Illuminate\\Routing\\Pipeline.php:47-59}()
#55 C:\\xampp\\xampp\\htdocs\\animal_hospital\\vendor\\laravel\\framework\\src\\Illuminate\\Pipeline\\Pipeline.php(163): App\\Http\\Middleware\\TrimStrings->handle()
#56 C:\\xampp\\xampp\\htdocs\\animal_hospital\\vendor\\laravel\\framework\\src\\Illuminate\\Routing\\Pipeline.php(53): Illuminate\\Routing\\Pipeline->Illuminate\\Pipeline\\{closure:C:\\xampp\\xampp\\htdocs\\animal_hospital\\vendor\\laravel\\framework\\src\\Illuminate\\Pipeline\\Pipeline.php:140-169}()
#57 C:\\xampp\\xampp\\htdocs\\animal_hospital\\vendor\\laravel\\framework\\src\\Illuminate\\Foundation\\Http\\Middleware\\ValidatePostSize.php(27): Illuminate\\Routing\\Pipeline->Illuminate\\Routing\\{closure:C:\\xampp\\xampp\\htdocs\\animal_hospital\\vendor\\laravel\\framework\\src\\Illuminate\\Routing\\Pipeline.php:47-59}()
#58 C:\\xampp\\xampp\\htdocs\\animal_hospital\\vendor\\laravel\\framework\\src\\Illuminate\\Pipeline\\Pipeline.php(163): Illuminate\\Foundation\\Http\\Middleware\\ValidatePostSize->handle()
#59 C:\\xampp\\xampp\\htdocs\\animal_hospital\\vendor\\laravel\\framework\\src\\Illuminate\\Routing\\Pipeline.php(53): Illuminate\\Routing\\Pipeline->Illuminate\\Pipeline\\{closure:C:\\xampp\\xampp\\htdocs\\animal_hospital\\vendor\\laravel\\framework\\src\\Illuminate\\Pipeline\\Pipeline.php:140-169}()
#60 C:\\xampp\\xampp\\htdocs\\animal_hospital\\vendor\\laravel\\framework\\src\\Illuminate\\Foundation\\Http\\Middleware\\CheckForMaintenanceMode.php(62): Illuminate\\Routing\\Pipeline->Illuminate\\Routing\\{closure:C:\\xampp\\xampp\\htdocs\\animal_hospital\\vendor\\laravel\\framework\\src\\Illuminate\\Routing\\Pipeline.php:47-59}()
#61 C:\\xampp\\xampp\\htdocs\\animal_hospital\\vendor\\laravel\\framework\\src\\Illuminate\\Pipeline\\Pipeline.php(163): App\\Http\\Middleware\\CheckForMaintenanceMode->handle()
#62 C:\\xampp\\xampp\\htdocs\\animal_hospital\\vendor\\laravel\\framework\\src\\Illuminate\\Routing\\Pipeline.php(53): Illuminate\\Routing\\Pipeline->Illuminate\\Pipeline\\{closure:C:\\xampp\\xampp\\htdocs\\animal_hospital\\vendor\\laravel\\framework\\src\\Illuminate\\Pipeline\\Pipeline.php:140-169}()
#63 C:\\xampp\\xampp\\htdocs\\animal_hospital\\vendor\\laravel\\framework\\src\\Illuminate\\Pipeline\\Pipeline.php(104): Illuminate\\Routing\\Pipeline->Illuminate\\Routing\\{closure:C:\\xampp\\xampp\\htdocs\\animal_hospital\\vendor\\laravel\\framework\\src\\Illuminate\\Routing\\Pipeline.php:47-59}()
#64 C:\\xampp\\xampp\\htdocs\\animal_hospital\\vendor\\laravel\\framework\\src\\Illuminate\\Foundation\\Http\\Kernel.php(151): Illuminate\\Routing\\Pipeline->then()
#65 C:\\xampp\\xampp\\htdocs\\animal_hospital\\vendor\\laravel\\framework\\src\\Illuminate\\Foundation\\Http\\Kernel.php(116): App\\Http\\Kernel->sendRequestThroughRouter()
#66 C:\\xampp\\xampp\\htdocs\\animal_hospital\\public\\index.php(55): App\\Http\\Kernel->handle()
#67 C:\\xampp\\xampp\\htdocs\\animal_hospital\\public\\index.php(0): {main}()
#68 {main}
"} 
[2019-07-03 14:12:52] local.ERROR: Maximum execution time of 30 seconds exceeded {"exception":"[object] (Symfony\\Component\\Debug\\Exception\\FatalErrorException(code: 1): Maximum execution time of 30 seconds exceeded at C:\\xampp\\xampp\\htdocs\\animal_hospital\\storage\\framework\\views\\f7e6b9ff4074cc9a1392305cb15407907a71dd80.php:1)
[stacktrace]
#0 C:\\xampp\\xampp\\htdocs\\animal_hospital\\vendor\\laravel\\framework\\src\\Illuminate\\Foundation\\Bootstrap\\HandleExceptions.php(137): Symfony\\Component\\Debug\\Exception\\FatalErrorException->__construct()
#1 C:\\xampp\\xampp\\htdocs\\animal_hospital\\vendor\\laravel\\framework\\src\\Illuminate\\Foundation\\Bootstrap\\HandleExceptions.php(123): Illuminate\\Foundation\\Bootstrap\\HandleExceptions->fatalExceptionFromError()
#2 C:\\xampp\\xampp\\htdocs\\animal_hospital\\vendor\\laravel\\framework\\src\\Illuminate\\Foundation\\Bootstrap\\HandleExceptions.php(0): Illuminate\\Foundation\\Bootstrap\\HandleExceptions->handleShutdown()
#3 C:\\xampp\\xampp\\htdocs\\animal_hospital\\vendor\\laravel\\framework\\src\\Illuminate\\View\\Engines\\PhpEngine.php(43): Illuminate\\View\\Engines\\CompilerEngine->()
#4 C:\\xampp\\xampp\\htdocs\\animal_hospital\\vendor\\laravel\\framework\\src\\Illuminate\\View\\Engines\\CompilerEngine.php(59): Illuminate\\View\\Engines\\CompilerEngine->evaluatePath()
#5 C:\\xampp\\xampp\\htdocs\\animal_hospital\\vendor\\laravel\\framework\\src\\Illuminate\\View\\View.php(142): Illuminate\\View\\Engines\\CompilerEngine->get()
#6 C:\\xampp\\xampp\\htdocs\\animal_hospital\\vendor\\laravel\\framework\\src\\Illuminate\\View\\View.php(125): Illuminate\\View\\View->getContents()
#7 C:\\xampp\\xampp\\htdocs\\animal_hospital\\vendor\\laravel\\framework\\src\\Illuminate\\View\\View.php(90): Illuminate\\View\\View->renderContents()
#8 C:\\xampp\\xampp\\htdocs\\animal_hospital\\vendor\\laravel\\framework\\src\\Illuminate\\Http\\Response.php(42): Illuminate\\View\\View->render()
#9 C:\\xampp\\xampp\\htdocs\\animal_hospital\\vendor\\symfony\\http-foundation\\Response.php(202): Illuminate\\Http\\Response->setContent()
#10 C:\\xampp\\xampp\\htdocs\\animal_hospital\\vendor\\laravel\\framework\\src\\Illuminate\\Routing\\Router.php(748): Illuminate\\Http\\Response->__construct()
#11 C:\\xampp\\xampp\\htdocs\\animal_hospital\\vendor\\laravel\\framework\\src\\Illuminate\\Routing\\Router.php(720): Illuminate\\Routing\\Router::toResponse()
#12 C:\\xampp\\xampp\\htdocs\\animal_hospital\\vendor\\laravel\\framework\\src\\Illuminate\\Routing\\Router.php(680): Illuminate\\Routing\\Router->prepareResponse()
#13 C:\\xampp\\xampp\\htdocs\\animal_hospital\\vendor\\laravel\\framework\\src\\Illuminate\\Routing\\Pipeline.php(30): Illuminate\\Routing\\Router->Illuminate\\Routing\\{closure:C:\\xampp\\xampp\\htdocs\\animal_hospital\\vendor\\laravel\\framework\\src\\Illuminate\\Routing\\Router.php:678-682}()
#14 C:\\xampp\\xampp\\htdocs\\animal_hospital\\vendor\\laravel\\framework\\src\\Illuminate\\Routing\\Middleware\\SubstituteBindings.php(41): Illuminate\\Routing\\Pipeline->Illuminate\\Routing\\{closure:C:\\xampp\\xampp\\htdocs\\animal_hospital\\vendor\\laravel\\framework\\src\\Illuminate\\Routing\\Pipeline.php:28-36}()
#15 C:\\xampp\\xampp\\htdocs\\animal_hospital\\vendor\\laravel\\framework\\src\\Illuminate\\Pipeline\\Pipeline.php(163): Illuminate\\Routing\\Middleware\\SubstituteBindings->handle()
#16 C:\\xampp\\xampp\\htdocs\\animal_hospital\\vendor\\laravel\\framework\\src\\Illuminate\\Routing\\Pipeline.php(53): Illuminate\\Routing\\Pipeline->Illuminate\\Pipeline\\{closure:C:\\xampp\\xampp\\htdocs\\animal_hospital\\vendor\\laravel\\framework\\src\\Illuminate\\Pipeline\\Pipeline.php:140-169}()
#17 C:\\xampp\\xampp\\htdocs\\animal_hospital\\vendor\\laravel\\framework\\src\\Illuminate\\Foundation\\Http\\Middleware\\VerifyCsrfToken.php(75): Illuminate\\Routing\\Pipeline->Illuminate\\Routing\\{closure:C:\\xampp\\xampp\\htdocs\\animal_hospital\\vendor\\laravel\\framework\\src\\Illuminate\\Routing\\Pipeline.php:47-59}()
#18 C:\\xampp\\xampp\\htdocs\\animal_hospital\\vendor\\laravel\\framework\\src\\Illuminate\\Pipeline\\Pipeline.php(163): App\\Http\\Middleware\\VerifyCsrfToken->handle()
#19 C:\\xampp\\xampp\\htdocs\\animal_hospital\\vendor\\laravel\\framework\\src\\Illuminate\\Routing\\Pipeline.php(53): Illuminate\\Routing\\Pipeline->Illuminate\\Pipeline\\{closure:C:\\xampp\\xampp\\htdocs\\animal_hospital\\vendor\\laravel\\framework\\src\\Illuminate\\Pipeline\\Pipeline.php:140-169}()
#20 C:\\xampp\\xampp\\htdocs\\animal_hospital\\vendor\\laravel\\framework\\src\\Illuminate\\View\\Middleware\\ShareErrorsFromSession.php(49): Illuminate\\Routing\\Pipeline->Illuminate\\Routing\\{closure:C:\\xampp\\xampp\\htdocs\\animal_hospital\\vendor\\laravel\\framework\\src\\Illuminate\\Routing\\Pipeline.php:47-59}()
#21 C:\\xampp\\xampp\\htdocs\\animal_hospital\\vendor\\laravel\\framework\\src\\Illuminate\\Pipeline\\Pipeline.php(163): Illuminate\\View\\Middleware\\ShareErrorsFromSession->handle()
#22 C:\\xampp\\xampp\\htdocs\\animal_hospital\\vendor\\laravel\\framework\\src\\Illuminate\\Routing\\Pipeline.php(53): Illuminate\\Routing\\Pipeline->Illuminate\\Pipeline\\{closure:C:\\xampp\\xampp\\htdocs\\animal_hospital\\vendor\\laravel\\framework\\src\\Illuminate\\Pipeline\\Pipeline.php:140-169}()
#23 C:\\xampp\\xampp\\htdocs\\animal_hospital\\vendor\\laravel\\framework\\src\\Illuminate\\Session\\Middleware\\StartSession.php(56): Illuminate\\Routing\\Pipeline->Illuminate\\Routing\\{closure:C:\\xampp\\xampp\\htdocs\\animal_hospital\\vendor\\laravel\\framework\\src\\Illuminate\\Routing\\Pipeline.php:47-59}()
#24 C:\\xampp\\xampp\\htdocs\\animal_hospital\\vendor\\laravel\\framework\\src\\Illuminate\\Pipeline\\Pipeline.php(163): Illuminate\\Session\\Middleware\\StartSession->handle()
#25 C:\\xampp\\xampp\\htdocs\\animal_hospital\\vendor\\laravel\\framework\\src\\Illuminate\\Routing\\Pipeline.php(53): Illuminate\\Routing\\Pipeline->Illuminate\\Pipeline\\{closure:C:\\xampp\\xampp\\htdocs\\animal_hospital\\vendor\\laravel\\framework\\src\\Illuminate\\Pipeline\\Pipeline.php:140-169}()
#26 C:\\xampp\\xampp\\htdocs\\animal_hospital\\vendor\\laravel\\framework\\src\\Illuminate\\Cookie\\Middleware\\AddQueuedCookiesToResponse.php(37): Illuminate\\Routing\\Pipeline->Illuminate\\Routing\\{closure:C:\\xampp\\xampp\\htdocs\\animal_hospital\\vendor\\laravel\\framework\\src\\Illuminate\\Routing\\Pipeline.php:47-59}()
#27 C:\\xampp\\xampp\\htdocs\\animal_hospital\\vendor\\laravel\\framework\\src\\Illuminate\\Pipeline\\Pipeline.php(163): Illuminate\\Cookie\\Middleware\\AddQueuedCookiesToResponse->handle()
#28 C:\\xampp\\xampp\\htdocs\\animal_hospital\\vendor\\laravel\\framework\\src\\Illuminate\\Routing\\Pipeline.php(53): Illuminate\\Routing\\Pipeline->Illuminate\\Pipeline\\{closure:C:\\xampp\\xampp\\htdocs\\animal_hospital\\vendor\\laravel\\framework\\src\\Illuminate\\Pipeline\\Pipeline.php:140-169}()
#29 C:\\xampp\\xampp\\htdocs\\animal_hospital\\vendor\\laravel\\framework\\src\\Illuminate\\Cookie\\Middleware\\EncryptCookies.php(66): Illuminate\\Routing\\Pipeline->Illuminate\\Routing\\{closure:C:\\xampp\\xampp\\htdocs\\animal_hospital\\vendor\\laravel\\framework\\src\\Illuminate\\Routing\\Pipeline.php:47-59}()
#30 C:\\xampp\\xampp\\htdocs\\animal_hospital\\vendor\\laravel\\framework\\src\\Illuminate\\Pipeline\\Pipeline.php(163): App\\Http\\Middleware\\EncryptCookies->handle()
#31 C:\\xampp\\xampp\\htdocs\\animal_hospital\\vendor\\laravel\\framework\\src\\Illuminate\\Routing\\Pipeline.php(53): Illuminate\\Routing\\Pipeline->Illuminate\\Pipeline\\{closure:C:\\xampp\\xampp\\htdocs\\animal_hospital\\vendor\\laravel\\framework\\src\\Illuminate\\Pipeline\\Pipeline.php:140-169}()
#32 C:\\xampp\\xampp\\htdocs\\animal_hospital\\vendor\\laravel\\framework\\src\\Illuminate\\Pipeline\\Pipeline.php(104): Illuminate\\Routing\\Pipeline->Illuminate\\Routing\\{closure:C:\\xampp\\xampp\\htdocs\\animal_hospital\\vendor\\laravel\\framework\\src\\Illuminate\\Routing\\Pipeline.php:47-59}()
#33 C:\\xampp\\xampp\\htdocs\\animal_hospital\\vendor\\laravel\\framework\\src\\Illuminate\\Routing\\Router.php(682): Illuminate\\Routing\\Pipeline->then()
#34 C:\\xampp\\xampp\\htdocs\\animal_hospital\\vendor\\laravel\\framework\\src\\Illuminate\\Routing\\Router.php(657): Illuminate\\Routing\\Router->runRouteWithinStack()
#35 C:\\xampp\\xampp\\htdocs\\animal_hospital\\vendor\\laravel\\framework\\src\\Illuminate\\Routing\\Router.php(623): Illuminate\\Routing\\Router->runRoute()
#36 C:\\xampp\\xampp\\htdocs\\animal_hospital\\vendor\\laravel\\framework\\src\\Illuminate\\Routing\\Router.php(612): Illuminate\\Routing\\Router->dispatchToRoute()
#37 C:\\xampp\\xampp\\htdocs\\animal_hospital\\vendor\\laravel\\framework\\src\\Illuminate\\Foundation\\Http\\Kernel.php(176): Illuminate\\Routing\\Router->dispatch()
#38 C:\\xampp\\xampp\\htdocs\\animal_hospital\\vendor\\laravel\\framework\\src\\Illuminate\\Routing\\Pipeline.php(30): App\\Http\\Kernel->Illuminate\\Foundation\\Http\\{closure:C:\\xampp\\xampp\\htdocs\\animal_hospital\\vendor\\laravel\\framework\\src\\Illuminate\\Foundation\\Http\\Kernel.php:173-177}()
#39 C:\\xampp\\xampp\\htdocs\\animal_hospital\\vendor\\fideloper\\proxy\\src\\TrustProxies.php(57): Illuminate\\Routing\\Pipeline->Illuminate\\Routing\\{closure:C:\\xampp\\xampp\\htdocs\\animal_hospital\\vendor\\laravel\\framework\\src\\Illuminate\\Routing\\Pipeline.php:28-36}()
#40 C:\\xampp\\xampp\\htdocs\\animal_hospital\\vendor\\laravel\\framework\\src\\Illuminate\\Pipeline\\Pipeline.php(163): App\\Http\\Middleware\\TrustProxies->handle()
#41 C:\\xampp\\xampp\\htdocs\\animal_hospital\\vendor\\laravel\\framework\\src\\Illuminate\\Routing\\Pipeline.php(53): Illuminate\\Routing\\Pipeline->Illuminate\\Pipeline\\{closure:C:\\xampp\\xampp\\htdocs\\animal_hospital\\vendor\\laravel\\framework\\src\\Illuminate\\Pipeline\\Pipeline.php:140-169}()
#42 C:\\xampp\\xampp\\htdocs\\animal_hospital\\vendor\\laravel\\framework\\src\\Illuminate\\Foundation\\Http\\Middleware\\TransformsRequest.php(21): Illuminate\\Routing\\Pipeline->Illuminate\\Routing\\{closure:C:\\xampp\\xampp\\htdocs\\animal_hospital\\vendor\\laravel\\framework\\src\\Illuminate\\Routing\\Pipeline.php:47-59}()
#43 C:\\xampp\\xampp\\htdocs\\animal_hospital\\vendor\\laravel\\framework\\src\\Illuminate\\Pipeline\\Pipeline.php(163): Illuminate\\Foundation\\Http\\Middleware\\ConvertEmptyStringsToNull->handle()
#44 C:\\xampp\\xampp\\htdocs\\animal_hospital\\vendor\\laravel\\framework\\src\\Illuminate\\Routing\\Pipeline.php(53): Illuminate\\Routing\\Pipeline->Illuminate\\Pipeline\\{closure:C:\\xampp\\xampp\\htdocs\\animal_hospital\\vendor\\laravel\\framework\\src\\Illuminate\\Pipeline\\Pipeline.php:140-169}()
#45 C:\\xampp\\xampp\\htdocs\\animal_hospital\\vendor\\laravel\\framework\\src\\Illuminate\\Foundation\\Http\\Middleware\\TransformsRequest.php(21): Illuminate\\Routing\\Pipeline->Illuminate\\Routing\\{closure:C:\\xampp\\xampp\\htdocs\\animal_hospital\\vendor\\laravel\\framework\\src\\Illuminate\\Routing\\Pipeline.php:47-59}()
#46 C:\\xampp\\xampp\\htdocs\\animal_hospital\\vendor\\laravel\\framework\\src\\Illuminate\\Pipeline\\Pipeline.php(163): App\\Http\\Middleware\\TrimStrings->handle()
#47 C:\\xampp\\xampp\\htdocs\\animal_hospital\\vendor\\laravel\\framework\\src\\Illuminate\\Routing\\Pipeline.php(53): Illuminate\\Routing\\Pipeline->Illuminate\\Pipeline\\{closure:C:\\xampp\\xampp\\htdocs\\animal_hospital\\vendor\\laravel\\framework\\src\\Illuminate\\Pipeline\\Pipeline.php:140-169}()
#48 C:\\xampp\\xampp\\htdocs\\animal_hospital\\vendor\\laravel\\framework\\src\\Illuminate\\Foundation\\Http\\Middleware\\ValidatePostSize.php(27): Illuminate\\Routing\\Pipeline->Illuminate\\Routing\\{closure:C:\\xampp\\xampp\\htdocs\\animal_hospital\\vendor\\laravel\\framework\\src\\Illuminate\\Routing\\Pipeline.php:47-59}()
#49 C:\\xampp\\xampp\\htdocs\\animal_hospital\\vendor\\laravel\\framework\\src\\Illuminate\\Pipeline\\Pipeline.php(163): Illuminate\\Foundation\\Http\\Middleware\\ValidatePostSize->handle()
#50 C:\\xampp\\xampp\\htdocs\\animal_hospital\\vendor\\laravel\\framework\\src\\Illuminate\\Routing\\Pipeline.php(53): Illuminate\\Routing\\Pipeline->Illuminate\\Pipeline\\{closure:C:\\xampp\\xampp\\htdocs\\animal_hospital\\vendor\\laravel\\framework\\src\\Illuminate\\Pipeline\\Pipeline.php:140-169}()
#51 C:\\xampp\\xampp\\htdocs\\animal_hospital\\vendor\\laravel\\framework\\src\\Illuminate\\Foundation\\Http\\Middleware\\CheckForMaintenanceMode.php(62): Illuminate\\Routing\\Pipeline->Illuminate\\Routing\\{closure:C:\\xampp\\xampp\\htdocs\\animal_hospital\\vendor\\laravel\\framework\\src\\Illuminate\\Routing\\Pipeline.php:47-59}()
#52 C:\\xampp\\xampp\\htdocs\\animal_hospital\\vendor\\laravel\\framework\\src\\Illuminate\\Pipeline\\Pipeline.php(163): App\\Http\\Middleware\\CheckForMaintenanceMode->handle()
#53 C:\\xampp\\xampp\\htdocs\\animal_hospital\\vendor\\laravel\\framework\\src\\Illuminate\\Routing\\Pipeline.php(53): Illuminate\\Routing\\Pipeline->Illuminate\\Pipeline\\{closure:C:\\xampp\\xampp\\htdocs\\animal_hospital\\vendor\\laravel\\framework\\src\\Illuminate\\Pipeline\\Pipeline.php:140-169}()
#54 C:\\xampp\\xampp\\htdocs\\animal_hospital\\vendor\\laravel\\framework\\src\\Illuminate\\Pipeline\\Pipeline.php(104): Illuminate\\Routing\\Pipeline->Illuminate\\Routing\\{closure:C:\\xampp\\xampp\\htdocs\\animal_hospital\\vendor\\laravel\\framework\\src\\Illuminate\\Routing\\Pipeline.php:47-59}()
#55 C:\\xampp\\xampp\\htdocs\\animal_hospital\\vendor\\laravel\\framework\\src\\Illuminate\\Foundation\\Http\\Kernel.php(151): Illuminate\\Routing\\Pipeline->then()
#56 C:\\xampp\\xampp\\htdocs\\animal_hospital\\vendor\\laravel\\framework\\src\\Illuminate\\Foundation\\Http\\Kernel.php(116): App\\Http\\Kernel->sendRequestThroughRouter()
#57 C:\\xampp\\xampp\\htdocs\\animal_hospital\\public\\index.php(55): App\\Http\\Kernel->handle()
#58 C:\\xampp\\xampp\\htdocs\\animal_hospital\\public\\index.php(0): {main}()
#59 {main}
"} 
