[2019-07-14 12:40:05] local.ERROR: Maximum execution time of 30 seconds exceeded {"exception":"[object] (Symfony\\Component\\Debug\\Exception\\FatalErrorException(code: 1): Maximum execution time of 30 seconds exceeded at C:\\xampp\\xampp\\htdocs\\animal_hospital\\vendor\\symfony\\http-foundation\\Response.php:12)
[stacktrace]
#0 C:\\xampp\\xampp\\htdocs\\animal_hospital\\vendor\\laravel\\framework\\src\\Illuminate\\Foundation\\Bootstrap\\HandleExceptions.php(137): Symfony\\Component\\Debug\\Exception\\FatalErrorException->__construct()
#1 C:\\xampp\\xampp\\htdocs\\animal_hospital\\vendor\\laravel\\framework\\src\\Illuminate\\Foundation\\Bootstrap\\HandleExceptions.php(123): Illuminate\\Foundation\\Bootstrap\\HandleExceptions->fatalExceptionFromError()
#2 C:\\xampp\\xampp\\htdocs\\animal_hospital\\vendor\\laravel\\framework\\src\\Illuminate\\Foundation\\Bootstrap\\HandleExceptions.php(0): Illuminate\\Foundation\\Bootstrap\\HandleExceptions->handleShutdown()
#3 C:\\xampp\\xampp\\htdocs\\animal_hospital\\vendor\\composer\\ClassLoader.php(444): ()
#4 C:\\xampp\\xampp\\htdocs\\animal_hospital\\vendor\\composer\\ClassLoader.php(322): Composer\\Autoload\\includeFile()
#5 C:\\xampp\\xampp\\htdocs\\animal_hospital\\vendor\\laravel\\framework\\src\\Illuminate\\Http\\Response.php(13): Composer\\Autoload\\ClassLoader->loadClass()
#6 C:\\xampp\\xampp\\htdocs\\animal_hospital\\vendor\\laravel\\framework\\src\\Illuminate\\Http\\Response.php(13): spl_autoload_call()
#7 C:\\xampp\\xampp\\htdocs\\animal_hospital\\vendor\\composer\\ClassLoader.php(444): ()
#8 C:\\xampp\\xampp\\htdocs\\animal_hospital\\vendor\\composer\\ClassLoader.php(322): Composer\\Autoload\\includeFile()
#9 C:\\xampp\\xampp\\htdocs\\animal_hospital\\vendor\\laravel\\framework\\src\\Illuminate\\Routing\\ResponseFactory.php(55): Composer\\Autoload\\ClassLoader->loadClass()
#10 C:\\xampp\\xampp\\htdocs\\animal_hospital\\vendor\\laravel\\framework\\src\\Illuminate\\Routing\\ResponseFactory.php(55): spl_autoload_call()
#11 C:\\xampp\\xampp\\htdocs\\animal_hospital\\vendor\\laravel\\framework\\src\\Illuminate\\Routing\\ResponseFactory.php(81): Illuminate\\Routing\\ResponseFactory->make()
#12 C:\\xampp\\xampp\\htdocs\\animal_hospital\\vendor\\laravel\\framework\\src\\Illuminate\\Foundation\\Exceptions\\Handler.php(380): Illuminate\\Routing\\ResponseFactory->view()
#13 C:\\xampp\\xampp\\htdocs\\animal_hospital\\vendor\\laravel\\framework\\src\\Illuminate\\Foundation\\Exceptions\\Handler.php(289): App\\Exceptions\\Handler->renderHttpException()
#14 C:\\xampp\\xampp\\htdocs\\animal_hospital\\vendor\\laravel\\framework\\src\\Illuminate\\Foundation\\Exceptions\\Handler.php(188): App\\Exceptions\\Handler->prepareResponse()
#15 C:\\xampp\\xampp\\htdocs\\animal_hospital\\app\\Exceptions\\Handler.php(49): App\\Exceptions\\Handler->render()
#16 C:\\xampp\\xampp\\htdocs\\animal_hospital\\vendor\\laravel\\framework\\src\\Illuminate\\Routing\\Pipeline.php(83): App\\Exceptions\\Handler->render()
#17 C:\\xampp\\xampp\\htdocs\\animal_hospital\\vendor\\laravel\\framework\\src\\Illuminate\\Routing\\Pipeline.php(55): Illuminate\\Routing\\Pipeline->handleException()
#18 C:\\xampp\\xampp\\htdocs\\animal_hospital\\vendor\\laravel\\framework\\src\\Illuminate\\View\\Middleware\\ShareErrorsFromSession.php(49): Illuminate\\Routing\\Pipeline->Illuminate\\Routing\\{closure:C:\\xampp\\xampp\\htdocs\\animal_hospital\\vendor\\laravel\\framework\\src\\Illuminate\\Routing\\Pipeline.php:47-59}()
#19 C:\\xampp\\xampp\\htdocs\\animal_hospital\\vendor\\laravel\\framework\\src\\Illuminate\\Pipeline\\Pipeline.php(163): Illuminate\\View\\Middleware\\ShareErrorsFromSession->handle()
#20 C:\\xampp\\xampp\\htdocs\\animal_hospital\\vendor\\laravel\\framework\\src\\Illuminate\\Routing\\Pipeline.php(53): Illuminate\\Routing\\Pipeline->Illuminate\\Pipeline\\{closure:C:\\xampp\\xampp\\htdocs\\animal_hospital\\vendor\\laravel\\framework\\src\\Illuminate\\Pipeline\\Pipeline.php:140-169}()
#21 C:\\xampp\\xampp\\htdocs\\animal_hospital\\vendor\\laravel\\framework\\src\\Illuminate\\Session\\Middleware\\StartSession.php(56): Illuminate\\Routing\\Pipeline->Illuminate\\Routing\\{closure:C:\\xampp\\xampp\\htdocs\\animal_hospital\\vendor\\laravel\\framework\\src\\Illuminate\\Routing\\Pipeline.php:47-59}()
#22 C:\\xampp\\xampp\\htdocs\\animal_hospital\\vendor\\laravel\\framework\\src\\Illuminate\\Pipeline\\Pipeline.php(163): Illuminate\\Session\\Middleware\\StartSession->handle()
#23 C:\\xampp\\xampp\\htdocs\\animal_hospital\\vendor\\laravel\\framework\\src\\Illuminate\\Routing\\Pipeline.php(53): Illuminate\\Routing\\Pipeline->Illuminate\\Pipeline\\{closure:C:\\xampp\\xampp\\htdocs\\animal_hospital\\vendor\\laravel\\framework\\src\\Illuminate\\Pipeline\\Pipeline.php:140-169}()
#24 C:\\xampp\\xampp\\htdocs\\animal_hospital\\vendor\\laravel\\framework\\src\\Illuminate\\Cookie\\Middleware\\AddQueuedCookiesToResponse.php(37): Illuminate\\Routing\\Pipeline->Illuminate\\Routing\\{closure:C:\\xampp\\xampp\\htdocs\\animal_hospital\\vendor\\laravel\\framework\\src\\Illuminate\\Routing\\Pipeline.php:47-59}()
#25 C:\\xampp\\xampp\\htdocs\\animal_hospital\\vendor\\laravel\\framework\\src\\Illuminate\\Pipeline\\Pipeline.php(163): Illuminate\\Cookie\\Middleware\\AddQueuedCookiesToResponse->handle()
#26 C:\\xampp\\xampp\\htdocs\\animal_hospital\\vendor\\laravel\\framework\\src\\Illuminate\\Routing\\Pipeline.php(53): Illuminate\\Routing\\Pipeline->Illuminate\\Pipeline\\{closure:C:\\xampp\\xampp\\htdocs\\animal_hospital\\vendor\\laravel\\framework\\src\\Illuminate\\Pipeline\\Pipeline.php:140-169}()
#27 C:\\xampp\\xampp\\htdocs\\animal_hospital\\vendor\\laravel\\framework\\src\\Illuminate\\Cookie\\Middleware\\EncryptCookies.php(66): Illuminate\\Routing\\Pipeline->Illuminate\\Routing\\{closure:C:\\xampp\\xampp\\htdocs\\animal_hospital\\vendor\\laravel\\framework\\src\\Illuminate\\Routing\\Pipeline.php:47-59}()
#28 C:\\xampp\\xampp\\htdocs\\animal_hospital\\vendor\\laravel\\framework\\src\\Illuminate\\Pipeline\\Pipeline.php(163): App\\Http\\Middleware\\EncryptCookies->handle()
#29 C:\\xampp\\xampp\\htdocs\\animal_hospital\\vendor\\laravel\\framework\\src\\Illuminate\\Routing\\Pipeline.php(53): Illuminate\\Routing\\Pipeline->Illuminate\\Pipeline\\{closure:C:\\xampp\\xampp\\htdocs\\animal_hospital\\vendor\\laravel\\framework\\src\\Illuminate\\Pipeline\\Pipeline.php:140-169}()
#30 C:\\xampp\\xampp\\htdocs\\animal_hospital\\vendor\\laravel\\framework\\src\\Illuminate\\Pipeline\\Pipeline.php(104): Illuminate\\Routing\\Pipeline->Illuminate\\Routing\\{closure:C:\\xampp\\xampp\\htdocs\\animal_hospital\\vendor\\laravel\\framework\\src\\Illuminate\\Routing\\Pipeline.php:47-59}()
#31 C:\\xampp\\xampp\\htdocs\\animal_hospital\\vendor\\laravel\\framework\\src\\Illuminate\\Routing\\Router.php(682): Illuminate\\Routing\\Pipeline->then()
#32 C:\\xampp\\xampp\\htdocs\\animal_hospital\\vendor\\laravel\\framework\\src\\Illuminate\\Routing\\Router.php(657): Illuminate\\Routing\\Router->runRouteWithinStack()
#33 C:\\xampp\\xampp\\htdocs\\animal_hospital\\vendor\\laravel\\framework\\src\\Illuminate\\Routing\\Router.php(623): Illuminate\\Routing\\Router->runRoute()
#34 C:\\xampp\\xampp\\htdocs\\animal_hospital\\vendor\\laravel\\framework\\src\\Illuminate\\Routing\\Router.php(612): Illuminate\\Routing\\Router->dispatchToRoute()
#35 C:\\xampp\\xampp\\htdocs\\animal_hospital\\vendor\\laravel\\framework\\src\\Illuminate\\Foundation\\Http\\Kernel.php(176): Illuminate\\Routing\\Router->dispatch()
#36 C:\\xampp\\xampp\\htdocs\\animal_hospital\\vendor\\laravel\\framework\\src\\Illuminate\\Routing\\Pipeline.php(30): App\\Http\\Kernel->Illuminate\\Foundation\\Http\\{closure:C:\\xampp\\xampp\\htdocs\\animal_hospital\\vendor\\laravel\\framework\\src\\Illuminate\\Foundation\\Http\\Kernel.php:173-177}()
#37 C:\\xampp\\xampp\\htdocs\\animal_hospital\\vendor\\fideloper\\proxy\\src\\TrustProxies.php(57): Illuminate\\Routing\\Pipeline->Illuminate\\Routing\\{closure:C:\\xampp\\xampp\\htdocs\\animal_hospital\\vendor\\laravel\\framework\\src\\Illuminate\\Routing\\Pipeline.php:28-36}()
#38 C:\\xampp\\xampp\\htdocs\\animal_hospital\\vendor\\laravel\\framework\\src\\Illuminate\\Pipeline\\Pipeline.php(163): App\\Http\\Middleware\\TrustProxies->handle()
#39 C:\\xampp\\xampp\\htdocs\\animal_hospital\\vendor\\laravel\\framework\\src\\Illuminate\\Routing\\Pipeline.php(53): Illuminate\\Routing\\Pipeline->Illuminate\\Pipeline\\{closure:C:\\xampp\\xampp\\htdocs\\animal_hospital\\vendor\\laravel\\framework\\src\\Illuminate\\Pipeline\\Pipeline.php:140-169}()
#40 C:\\xampp\\xampp\\htdocs\\animal_hospital\\vendor\\laravel\\framework\\src\\Illuminate\\Foundation\\Http\\Middleware\\TransformsRequest.php(21): Illuminate\\Routing\\Pipeline->Illuminate\\Routing\\{closure:C:\\xampp\\xampp\\htdocs\\animal_hospital\\vendor\\laravel\\framework\\src\\Illuminate\\Routing\\Pipeline.php:47-59}()
#41 C:\\xampp\\xampp\\htdocs\\animal_hospital\\vendor\\laravel\\framework\\src\\Illuminate\\Pipeline\\Pipeline.php(163): Illuminate\\Foundation\\Http\\Middleware\\ConvertEmptyStringsToNull->handle()
#42 C:\\xampp\\xampp\\htdocs\\animal_hospital\\vendor\\laravel\\framework\\src\\Illuminate\\Routing\\Pipeline.php(53): Illuminate\\Routing\\Pipeline->Illuminate\\Pipeline\\{closure:C:\\xampp\\xampp\\htdocs\\animal_hospital\\vendor\\laravel\\framework\\src\\Illuminate\\Pipeline\\Pipeline.php:140-169}()
#43 C:\\xampp\\xampp\\htdocs\\animal_hospital\\vendor\\laravel\\framework\\src\\Illuminate\\Foundation\\Http\\Middleware\\TransformsRequest.php(21): Illuminate\\Routing\\Pipeline->Illuminate\\Routing\\{closure:C:\\xampp\\xampp\\htdocs\\animal_hospital\\vendor\\laravel\\framework\\src\\Illuminate\\Routing\\Pipeline.php:47-59}()
#44 C:\\xampp\\xampp\\htdocs\\animal_hospital\\vendor\\laravel\\framework\\src\\Illuminate\\Pipeline\\Pipeline.php(163): App\\Http\\Middleware\\TrimStrings->handle()
#45 C:\\xampp\\xampp\\htdocs\\animal_hospital\\vendor\\laravel\\framework\\src\\Illuminate\\Routing\\Pipeline.php(53): Illuminate\\Routing\\Pipeline->Illuminate\\Pipeline\\{closure:C:\\xampp\\xampp\\htdocs\\animal_hospital\\vendor\\laravel\\framework\\src\\Illuminate\\Pipeline\\Pipeline.php:140-169}()
#46 C:\\xampp\\xampp\\htdocs\\animal_hospital\\vendor\\laravel\\framework\\src\\Illuminate\\Foundation\\Http\\Middleware\\ValidatePostSize.php(27): Illuminate\\Routing\\Pipeline->Illuminate\\Routing\\{closure:C:\\xampp\\xampp\\htdocs\\animal_hospital\\vendor\\laravel\\framework\\src\\Illuminate\\Routing\\Pipeline.php:47-59}()
#47 C:\\xampp\\xampp\\htdocs\\animal_hospital\\vendor\\laravel\\framework\\src\\Illuminate\\Pipeline\\Pipeline.php(163): Illuminate\\Foundation\\Http\\Middleware\\ValidatePostSize->handle()
#48 C:\\xampp\\xampp\\htdocs\\animal_hospital\\vendor\\laravel\\framework\\src\\Illuminate\\Routing\\Pipeline.php(53): Illuminate\\Routing\\Pipeline->Illuminate\\Pipeline\\{closure:C:\\xampp\\xampp\\htdocs\\animal_hospital\\vendor\\laravel\\framework\\src\\Illuminate\\Pipeline\\Pipeline.php:140-169}()
#49 C:\\xampp\\xampp\\htdocs\\animal_hospital\\vendor\\laravel\\framework\\src\\Illuminate\\Foundation\\Http\\Middleware\\CheckForMaintenanceMode.php(62): Illuminate\\Routing\\Pipeline->Illuminate\\Routing\\{closure:C:\\xampp\\xampp\\htdocs\\animal_hospital\\vendor\\laravel\\framework\\src\\Illuminate\\Routing\\Pipeline.php:47-59}()
#50 C:\\xampp\\xampp\\htdocs\\animal_hospital\\vendor\\laravel\\framework\\src\\Illuminate\\Pipeline\\Pipeline.php(163): App\\Http\\Middleware\\CheckForMaintenanceMode->handle()
#51 C:\\xampp\\xampp\\htdocs\\animal_hospital\\vendor\\laravel\\framework\\src\\Illuminate\\Routing\\Pipeline.php(53): Illuminate\\Routing\\Pipeline->Illuminate\\Pipeline\\{closure:C:\\xampp\\xampp\\htdocs\\animal_hospital\\vendor\\laravel\\framework\\src\\Illuminate\\Pipeline\\Pipeline.php:140-169}()
#52 C:\\xampp\\xampp\\htdocs\\animal_hospital\\vendor\\laravel\\framework\\src\\Illuminate\\Pipeline\\Pipeline.php(104): Illuminate\\Routing\\Pipeline->Illuminate\\Routing\\{closure:C:\\xampp\\xampp\\htdocs\\animal_hospital\\vendor\\laravel\\framework\\src\\Illuminate\\Routing\\Pipeline.php:47-59}()
#53 C:\\xampp\\xampp\\htdocs\\animal_hospital\\vendor\\laravel\\framework\\src\\Illuminate\\Foundation\\Http\\Kernel.php(151): Illuminate\\Routing\\Pipeline->then()
#54 C:\\xampp\\xampp\\htdocs\\animal_hospital\\vendor\\laravel\\framework\\src\\Illuminate\\Foundation\\Http\\Kernel.php(116): App\\Http\\Kernel->sendRequestThroughRouter()
#55 C:\\xampp\\xampp\\htdocs\\animal_hospital\\public\\index.php(55): App\\Http\\Kernel->handle()
#56 C:\\xampp\\xampp\\htdocs\\animal_hospital\\public\\index.php(0): {main}()
#57 {main}
"} 
