[2019-07-06 17:50:37] local.ERROR: Maximum execution time of 30 seconds exceeded {"exception":"[object] (Symfony\\Component\\Debug\\Exception\\FatalErrorException(code: 1): Maximum execution time of 30 seconds exceeded at C:\\xampp\\xampp\\htdocs\\animal_hospital\\app\\Http\\Middleware\\TrimStrings.php:3)
[stacktrace]
#0 C:\\xampp\\xampp\\htdocs\\animal_hospital\\vendor\\laravel\\framework\\src\\Illuminate\\Foundation\\Bootstrap\\HandleExceptions.php(137): Symfony\\Component\\Debug\\Exception\\FatalErrorException->__construct()
#1 C:\\xampp\\xampp\\htdocs\\animal_hospital\\vendor\\laravel\\framework\\src\\Illuminate\\Foundation\\Bootstrap\\HandleExceptions.php(123): Illuminate\\Foundation\\Bootstrap\\HandleExceptions->fatalExceptionFromError()
#2 C:\\xampp\\xampp\\htdocs\\animal_hospital\\vendor\\laravel\\framework\\src\\Illuminate\\Foundation\\Bootstrap\\HandleExceptions.php(0): Illuminate\\Foundation\\Bootstrap\\HandleExceptions->handleShutdown()
#3 C:\\xampp\\xampp\\htdocs\\animal_hospital\\vendor\\composer\\ClassLoader.php(444): ()
#4 C:\\xampp\\xampp\\htdocs\\animal_hospital\\vendor\\composer\\ClassLoader.php(322): Composer\\Autoload\\includeFile()
#5 C:\\xampp\\xampp\\htdocs\\animal_hospital\\vendor\\laravel\\framework\\src\\Illuminate\\Container\\Container.php(790): Composer\\Autoload\\ClassLoader->loadClass()
#6 C:\\xampp\\xampp\\htdocs\\animal_hospital\\vendor\\laravel\\framework\\src\\Illuminate\\Container\\Container.php(790): spl_autoload_call()
#7 C:\\xampp\\xampp\\htdocs\\animal_hospital\\vendor\\laravel\\framework\\src\\Illuminate\\Container\\Container.php(790): ReflectionClass->__construct()
#8 C:\\xampp\\xampp\\htdocs\\animal_hospital\\vendor\\laravel\\framework\\src\\Illuminate\\Container\\Container.php(667): Illuminate\\Foundation\\Application->build()
#9 C:\\xampp\\xampp\\htdocs\\animal_hospital\\vendor\\laravel\\framework\\src\\Illuminate\\Container\\Container.php(615): Illuminate\\Foundation\\Application->resolve()
#10 C:\\xampp\\xampp\\htdocs\\animal_hospital\\vendor\\laravel\\framework\\src\\Illuminate\\Foundation\\Application.php(767): Illuminate\\Foundation\\Application->make()
#11 C:\\xampp\\xampp\\htdocs\\animal_hospital\\vendor\\laravel\\framework\\src\\Illuminate\\Pipeline\\Pipeline.php(152): Illuminate\\Foundation\\Application->make()
#12 C:\\xampp\\xampp\\htdocs\\animal_hospital\\vendor\\laravel\\framework\\src\\Illuminate\\Routing\\Pipeline.php(53): Illuminate\\Routing\\Pipeline->Illuminate\\Pipeline\\{closure:C:\\xampp\\xampp\\htdocs\\animal_hospital\\vendor\\laravel\\framework\\src\\Illuminate\\Pipeline\\Pipeline.php:140-169}()
#13 C:\\xampp\\xampp\\htdocs\\animal_hospital\\vendor\\laravel\\framework\\src\\Illuminate\\Foundation\\Http\\Middleware\\ValidatePostSize.php(27): Illuminate\\Routing\\Pipeline->Illuminate\\Routing\\{closure:C:\\xampp\\xampp\\htdocs\\animal_hospital\\vendor\\laravel\\framework\\src\\Illuminate\\Routing\\Pipeline.php:47-59}()
#14 C:\\xampp\\xampp\\htdocs\\animal_hospital\\vendor\\laravel\\framework\\src\\Illuminate\\Pipeline\\Pipeline.php(163): Illuminate\\Foundation\\Http\\Middleware\\ValidatePostSize->handle()
#15 C:\\xampp\\xampp\\htdocs\\animal_hospital\\vendor\\laravel\\framework\\src\\Illuminate\\Routing\\Pipeline.php(53): Illuminate\\Routing\\Pipeline->Illuminate\\Pipeline\\{closure:C:\\xampp\\xampp\\htdocs\\animal_hospital\\vendor\\laravel\\framework\\src\\Illuminate\\Pipeline\\Pipeline.php:140-169}()
#16 C:\\xampp\\xampp\\htdocs\\animal_hospital\\vendor\\laravel\\framework\\src\\Illuminate\\Foundation\\Http\\Middleware\\CheckForMaintenanceMode.php(62): Illuminate\\Routing\\Pipeline->Illuminate\\Routing\\{closure:C:\\xampp\\xampp\\htdocs\\animal_hospital\\vendor\\laravel\\framework\\src\\Illuminate\\Routing\\Pipeline.php:47-59}()
#17 C:\\xampp\\xampp\\htdocs\\animal_hospital\\vendor\\laravel\\framework\\src\\Illuminate\\Pipeline\\Pipeline.php(163): App\\Http\\Middleware\\CheckForMaintenanceMode->handle()
#18 C:\\xampp\\xampp\\htdocs\\animal_hospital\\vendor\\laravel\\framework\\src\\Illuminate\\Routing\\Pipeline.php(53): Illuminate\\Routing\\Pipeline->Illuminate\\Pipeline\\{closure:C:\\xampp\\xampp\\htdocs\\animal_hospital\\vendor\\laravel\\framework\\src\\Illuminate\\Pipeline\\Pipeline.php:140-169}()
#19 C:\\xampp\\xampp\\htdocs\\animal_hospital\\vendor\\laravel\\framework\\src\\Illuminate\\Pipeline\\Pipeline.php(104): Illuminate\\Routing\\Pipeline->Illuminate\\Routing\\{closure:C:\\xampp\\xampp\\htdocs\\animal_hospital\\vendor\\laravel\\framework\\src\\Illuminate\\Routing\\Pipeline.php:47-59}()
#20 C:\\xampp\\xampp\\htdocs\\animal_hospital\\vendor\\laravel\\framework\\src\\Illuminate\\Foundation\\Http\\Kernel.php(151): Illuminate\\Routing\\Pipeline->then()
#21 C:\\xampp\\xampp\\htdocs\\animal_hospital\\vendor\\laravel\\framework\\src\\Illuminate\\Foundation\\Http\\Kernel.php(116): App\\Http\\Kernel->sendRequestThroughRouter()
#22 C:\\xampp\\xampp\\htdocs\\animal_hospital\\public\\index.php(55): App\\Http\\Kernel->handle()
#23 C:\\xampp\\xampp\\htdocs\\animal_hospital\\public\\index.php(0): {main}()
#24 {main}
"} 
